Determining if the pthread_create exist failed with the following output:
Change Dir: /home/feras/programmiersprachen-aufgabenblatt-4/build/CMakeFiles/CMakeTmp

Run Build Command:"/usr/bin/make" "cmTC_02cd9/fast"
/usr/bin/make -f CMakeFiles/cmTC_02cd9.dir/build.make CMakeFiles/cmTC_02cd9.dir/build
make[1]: Verzeichnis „/home/feras/programmiersprachen-aufgabenblatt-4/build/CMakeFiles/CMakeTmp“ wird betreten
Building C object CMakeFiles/cmTC_02cd9.dir/CheckSymbolExists.c.o
/usr/bin/cc    -o CMakeFiles/cmTC_02cd9.dir/CheckSymbolExists.c.o   -c /home/feras/programmiersprachen-aufgabenblatt-4/build/CMakeFiles/CMakeTmp/CheckSymbolExists.c
Linking C executable cmTC_02cd9
/usr/local/bin/cmake -E cmake_link_script CMakeFiles/cmTC_02cd9.dir/link.txt --verbose=1
/usr/bin/cc      -rdynamic CMakeFiles/cmTC_02cd9.dir/CheckSymbolExists.c.o  -o cmTC_02cd9 
CMakeFiles/cmTC_02cd9.dir/CheckSymbolExists.c.o: In Funktion `main':
CheckSymbolExists.c:(.text+0x16): Nicht definierter Verweis auf `pthread_create'
collect2: error: ld returned 1 exit status
CMakeFiles/cmTC_02cd9.dir/build.make:86: die Regel für Ziel „cmTC_02cd9“ scheiterte
make[1]: *** [cmTC_02cd9] Fehler 1
make[1]: Verzeichnis „/home/feras/programmiersprachen-aufgabenblatt-4/build/CMakeFiles/CMakeTmp“ wird verlassen
Makefile:126: die Regel für Ziel „cmTC_02cd9/fast“ scheiterte
make: *** [cmTC_02cd9/fast] Fehler 2

File /home/feras/programmiersprachen-aufgabenblatt-4/build/CMakeFiles/CMakeTmp/CheckSymbolExists.c:
/* */
#include <pthread.h>

int main(int argc, char** argv)
{
  (void)argv;
#ifndef pthread_create
  return ((int*)(&pthread_create))[argc];
#else
  (void)argc;
  return 0;
#endif
}

Determining if the function pthread_create exists in the pthreads failed with the following output:
Change Dir: /home/feras/programmiersprachen-aufgabenblatt-4/build/CMakeFiles/CMakeTmp

Run Build Command:"/usr/bin/make" "cmTC_90229/fast"
/usr/bin/make -f CMakeFiles/cmTC_90229.dir/build.make CMakeFiles/cmTC_90229.dir/build
make[1]: Verzeichnis „/home/feras/programmiersprachen-aufgabenblatt-4/build/CMakeFiles/CMakeTmp“ wird betreten
Building C object CMakeFiles/cmTC_90229.dir/CheckFunctionExists.c.o
/usr/bin/cc   -DCHECK_FUNCTION_EXISTS=pthread_create   -o CMakeFiles/cmTC_90229.dir/CheckFunctionExists.c.o   -c /usr/local/share/cmake-3.11/Modules/CheckFunctionExists.c
Linking C executable cmTC_90229
/usr/local/bin/cmake -E cmake_link_script CMakeFiles/cmTC_90229.dir/link.txt --verbose=1
/usr/bin/cc  -DCHECK_FUNCTION_EXISTS=pthread_create    -rdynamic CMakeFiles/cmTC_90229.dir/CheckFunctionExists.c.o  -o cmTC_90229 -lpthreads 
/usr/bin/ld: cannot find -lpthreads
collect2: error: ld returned 1 exit status
CMakeFiles/cmTC_90229.dir/build.make:86: die Regel für Ziel „cmTC_90229“ scheiterte
make[1]: *** [cmTC_90229] Fehler 1
make[1]: Verzeichnis „/home/feras/programmiersprachen-aufgabenblatt-4/build/CMakeFiles/CMakeTmp“ wird verlassen
Makefile:126: die Regel für Ziel „cmTC_90229/fast“ scheiterte
make: *** [cmTC_90229/fast] Fehler 2


